<?xml version="1.0" encoding="UTF-8"?>
<testsuite name="com.example.demo20170520.business.impl.FacturaServiceImplSpec" tests="3" skipped="0" failures="0" errors="0" timestamp="2017-05-22T20:37:11" hostname="Jhons-MacBook-Pro.local" time="0.816">
  <properties/>
  <testcase name="deberia guardar una factura con el camino feliz" classname="com.example.demo20170520.business.impl.FacturaServiceImplSpec" time="0.796"/>
  <testcase name="deberia fallar al enviar una factura en NULL" classname="com.example.demo20170520.business.impl.FacturaServiceImplSpec" time="0.005"/>
  <testcase name="deberia fallar al intentar guardar una factura con los montos incorrectos" classname="com.example.demo20170520.business.impl.FacturaServiceImplSpec" time="0.013"/>
  <system-out><![CDATA[<com.example.demo20170520.model.FacturaCommand@7fdadcf3 id=null fecha=Mon May 22 15:37:12 PET 2017 ruc=12345678901 razonSocial=Algo montoTotal=30 subTotal=20 igv=0 concepto=Un producto>
]]></system-out>
  <system-err><![CDATA[]]></system-err>
</testsuite>
